dic 17, 2018 5:05:58 PM org.apache.catalina.startup.VersionLoggerListener log
INFORMACIÓN: Server version:        Apache Tomcat/7.0.92
dic 17, 2018 5:05:58 PM org.apache.catalina.startup.VersionLoggerListener log
INFORMACIÓN: Server built:          Nov 9 2018 11:07:44 UTC
dic 17, 2018 5:05:58 PM org.apache.catalina.startup.VersionLoggerListener log
INFORMACIÓN: Server number:         7.0.92.0
dic 17, 2018 5:05:58 PM org.apache.catalina.startup.VersionLoggerListener log
INFORMACIÓN: OS Name:               Windows 10
dic 17, 2018 5:05:58 PM org.apache.catalina.startup.VersionLoggerListener log
INFORMACIÓN: OS Version:            10.0
dic 17, 2018 5:05:58 PM org.apache.catalina.startup.VersionLoggerListener log
INFORMACIÓN: Architecture:          amd64
dic 17, 2018 5:05:58 PM org.apache.catalina.startup.VersionLoggerListener log
INFORMACIÓN: Java Home:             C:\Program Files\Java\jdk1.8.0_181\jre
dic 17, 2018 5:05:58 PM org.apache.catalina.startup.VersionLoggerListener log
INFORMACIÓN: JVM Version:           1.8.0_181-b13
dic 17, 2018 5:05:58 PM org.apache.catalina.startup.VersionLoggerListener log
INFORMACIÓN: JVM Vendor:            Oracle Corporation
dic 17, 2018 5:05:58 PM org.apache.catalina.startup.VersionLoggerListener log
INFORMACIÓN: CATALINA_BASE:         C:\Users\Alber\OneDrive\Universidad\IS2\Practicas\PracticasIS2\Practica 5\Tomcat\apache-tomcat-7.0.92
dic 17, 2018 5:05:58 PM org.apache.catalina.startup.VersionLoggerListener log
INFORMACIÓN: CATALINA_HOME:         C:\Users\Alber\OneDrive\Universidad\IS2\Practicas\PracticasIS2\Practica 5\Tomcat\apache-tomcat-7.0.92
dic 17, 2018 5:05:58 PM org.apache.catalina.startup.VersionLoggerListener log
INFORMACIÓN: Command line argument: -Djava.util.logging.config.file=C:\Users\Alber\OneDrive\Universidad\IS2\Practicas\PracticasIS2\Practica 5\Tomcat\apache-tomcat-7.0.92\conf\logging.properties
dic 17, 2018 5:05:58 PM org.apache.catalina.startup.VersionLoggerListener log
INFORMACIÓN: Command line argument: -Djava.util.logging.manager=org.apache.juli.ClassLoaderLogManager
dic 17, 2018 5:05:58 PM org.apache.catalina.startup.VersionLoggerListener log
INFORMACIÓN: Command line argument: -Djdk.tls.ephemeralDHKeySize=2048
dic 17, 2018 5:05:58 PM org.apache.catalina.startup.VersionLoggerListener log
INFORMACIÓN: Command line argument: -Dignore.endorsed.dirs=
dic 17, 2018 5:05:58 PM org.apache.catalina.startup.VersionLoggerListener log
INFORMACIÓN: Command line argument: -Dcatalina.base=C:\Users\Alber\OneDrive\Universidad\IS2\Practicas\PracticasIS2\Practica 5\Tomcat\apache-tomcat-7.0.92
dic 17, 2018 5:05:58 PM org.apache.catalina.startup.VersionLoggerListener log
INFORMACIÓN: Command line argument: -Dcatalina.home=C:\Users\Alber\OneDrive\Universidad\IS2\Practicas\PracticasIS2\Practica 5\Tomcat\apache-tomcat-7.0.92
dic 17, 2018 5:05:58 PM org.apache.catalina.startup.VersionLoggerListener log
INFORMACIÓN: Command line argument: -Djava.io.tmpdir=C:\Users\Alber\OneDrive\Universidad\IS2\Practicas\PracticasIS2\Practica 5\Tomcat\apache-tomcat-7.0.92\temp
dic 17, 2018 5:05:58 PM org.apache.catalina.core.AprLifecycleListener lifecycleEvent
INFORMACIÓN: Cargada la biblioteca nativa APR de Apache Tomcat 1.2.18 con la versión APR 1.6.5.
dic 17, 2018 5:05:58 PM org.apache.catalina.core.AprLifecycleListener lifecycleEvent
INFORMACIÓN: Capacidades APR: IPv6 [true], enviar fichero [true], aceptar filtros [false], aleatorio [true].
dic 17, 2018 5:05:58 PM org.apache.catalina.core.AprLifecycleListener initializeSSL
INFORMACIÓN: OpenSSL inicializado correctamente (OpenSSL 1.1.1  11 Sep 2018)
dic 17, 2018 5:05:58 PM org.apache.coyote.AbstractProtocol init
INFORMACIÓN: Initializing ProtocolHandler ["http-apr-8080"]
dic 17, 2018 5:05:58 PM org.apache.coyote.AbstractProtocol init
INFORMACIÓN: Initializing ProtocolHandler ["ajp-apr-8009"]
dic 17, 2018 5:05:58 PM org.apache.catalina.startup.Catalina load
INFORMACIÓN: Initialization processed in 906 ms
dic 17, 2018 5:05:58 PM org.apache.catalina.core.StandardService startInternal
INFORMACIÓN: Arrancando servicio Catalina
dic 17, 2018 5:05:58 PM org.apache.catalina.core.StandardEngine startInternal
INFORMACIÓN: Starting Servlet Engine: Apache Tomcat/7.0.92
dic 17, 2018 5:05:58 PM org.apache.catalina.startup.HostConfig deployDescriptor
INFORMACIÓN: Desplieque del descriptor de configuración C:\Users\Alber\OneDrive\Universidad\IS2\Practicas\PracticasIS2\Practica 5\Tomcat\apache-tomcat-7.0.92\conf\Catalina\localhost\Practica5.xml
dic 17, 2018 5:05:59 PM org.apache.catalina.util.SessionIdGeneratorBase createSecureRandom
ADVERTENCIA: Creation of SecureRandom instance for session ID generation using [SHA1PRNG] took [357] milliseconds.
dic 17, 2018 5:05:59 PM org.apache.catalina.startup.HostConfig deployDescriptor
INFORMACIÓN: Deployment of configuration descriptor C:\Users\Alber\OneDrive\Universidad\IS2\Practicas\PracticasIS2\Practica 5\Tomcat\apache-tomcat-7.0.92\conf\Catalina\localhost\Practica5.xml has finished in 1.053 ms
dic 17, 2018 5:05:59 PM org.apache.catalina.startup.HostConfig deployDescriptor
INFORMACIÓN: Desplieque del descriptor de configuración C:\Users\Alber\OneDrive\Universidad\IS2\Practicas\PracticasIS2\Practica 5\Tomcat\apache-tomcat-7.0.92\conf\Catalina\localhost\s1.xml
dic 17, 2018 5:05:59 PM org.apache.catalina.startup.HostConfig deployDescriptor
INFORMACIÓN: Deployment of configuration descriptor C:\Users\Alber\OneDrive\Universidad\IS2\Practicas\PracticasIS2\Practica 5\Tomcat\apache-tomcat-7.0.92\conf\Catalina\localhost\s1.xml has finished in 158 ms
dic 17, 2018 5:05:59 PM org.apache.catalina.startup.HostConfig deployDirectory
INFORMACIÓN: Despliegue del directorio C:\Users\Alber\OneDrive\Universidad\IS2\Practicas\PracticasIS2\Practica 5\Tomcat\apache-tomcat-7.0.92\webapps\docs de la aplicación web
dic 17, 2018 5:06:00 PM org.apache.catalina.startup.HostConfig deployDirectory
INFORMACIÓN: Deployment of web application directory C:\Users\Alber\OneDrive\Universidad\IS2\Practicas\PracticasIS2\Practica 5\Tomcat\apache-tomcat-7.0.92\webapps\docs has finished in 111 ms
dic 17, 2018 5:06:00 PM org.apache.catalina.startup.HostConfig deployDirectory
INFORMACIÓN: Despliegue del directorio C:\Users\Alber\OneDrive\Universidad\IS2\Practicas\PracticasIS2\Practica 5\Tomcat\apache-tomcat-7.0.92\webapps\examples de la aplicación web
dic 17, 2018 5:06:01 PM org.apache.catalina.startup.HostConfig deployDirectory
INFORMACIÓN: Deployment of web application directory C:\Users\Alber\OneDrive\Universidad\IS2\Practicas\PracticasIS2\Practica 5\Tomcat\apache-tomcat-7.0.92\webapps\examples has finished in 1.273 ms
dic 17, 2018 5:06:01 PM org.apache.catalina.startup.HostConfig deployDirectory
INFORMACIÓN: Despliegue del directorio C:\Users\Alber\OneDrive\Universidad\IS2\Practicas\PracticasIS2\Practica 5\Tomcat\apache-tomcat-7.0.92\webapps\host-manager de la aplicación web
dic 17, 2018 5:06:01 PM org.apache.catalina.startup.HostConfig deployDirectory
INFORMACIÓN: Deployment of web application directory C:\Users\Alber\OneDrive\Universidad\IS2\Practicas\PracticasIS2\Practica 5\Tomcat\apache-tomcat-7.0.92\webapps\host-manager has finished in 80 ms
dic 17, 2018 5:06:01 PM org.apache.catalina.startup.HostConfig deployDirectory
INFORMACIÓN: Despliegue del directorio C:\Users\Alber\OneDrive\Universidad\IS2\Practicas\PracticasIS2\Practica 5\Tomcat\apache-tomcat-7.0.92\webapps\manager de la aplicación web
dic 17, 2018 5:06:01 PM org.apache.catalina.startup.HostConfig deployDirectory
INFORMACIÓN: Deployment of web application directory C:\Users\Alber\OneDrive\Universidad\IS2\Practicas\PracticasIS2\Practica 5\Tomcat\apache-tomcat-7.0.92\webapps\manager has finished in 61 ms
dic 17, 2018 5:06:01 PM org.apache.catalina.startup.HostConfig deployDirectory
INFORMACIÓN: Despliegue del directorio C:\Users\Alber\OneDrive\Universidad\IS2\Practicas\PracticasIS2\Practica 5\Tomcat\apache-tomcat-7.0.92\webapps\ROOT de la aplicación web
dic 17, 2018 5:06:01 PM org.apache.catalina.startup.HostConfig deployDirectory
INFORMACIÓN: Deployment of web application directory C:\Users\Alber\OneDrive\Universidad\IS2\Practicas\PracticasIS2\Practica 5\Tomcat\apache-tomcat-7.0.92\webapps\ROOT has finished in 47 ms
dic 17, 2018 5:06:01 PM org.apache.coyote.AbstractProtocol start
INFORMACIÓN: Starting ProtocolHandler ["http-apr-8080"]
dic 17, 2018 5:06:01 PM org.apache.coyote.AbstractProtocol start
INFORMACIÓN: Starting ProtocolHandler ["ajp-apr-8009"]
dic 17, 2018 5:06:01 PM org.apache.catalina.startup.Catalina start
INFORMACIÓN: Server startup in 2912 ms
